SF:lib/common/config/app_config.dart
DA:4,0
LF:1
LH:0
end_of_record
SF:lib/common/constants/constants.dart
DA:39,2
DA:58,1
DA:63,1
LF:3
LH:3
end_of_record
SF:lib/data/account_repository.dart
DA:11,1
DA:16,3
DA:18,0
DA:20,1
DA:25,2
DA:29,2
DA:34,1
DA:39,2
DA:50,1
DA:52,3
DA:85,1
DA:87,2
DA:90,1
DA:91,2
DA:94,0
DA:95,0
DA:98,1
DA:99,1
DA:100,1
DA:101,2
DA:102,1
DA:103,2
DA:106,1
DA:107,1
DA:108,1
DA:109,2
DA:110,1
DA:111,2
DA:112,2
DA:115,1
DA:119,1
DA:122,2
DA:129,1
DA:130,1
DA:132,1
DA:135,1
DA:139,1
DA:142,2
DA:149,1
DA:150,1
DA:152,1
DA:155,1
DA:156,1
DA:157,1
DA:158,1
DA:159,1
DA:160,1
DA:162,2
DA:166,1
DA:168,7
DA:169,4
DA:171,1
DA:174,1
DA:175,1
DA:176,1
DA:179,1
DA:181,1
DA:184,0
DA:186,0
DA:192,4
DA:194,1
DA:196,1
DA:203,1
DA:210,4
DA:212,1
DA:214,1
LF:66
LH:61
end_of_record
SF:lib/data/password_repository.dart
DA:13,1
DA:18,1
DA:22,1
DA:23,1
DA:24,1
DA:25,1
DA:26,1
DA:27,2
DA:30,1
DA:32,1
DA:33,1
DA:34,1
DA:35,1
DA:36,1
DA:38,2
DA:41,4
DA:45,1
DA:49,1
DA:50,1
DA:51,1
DA:52,1
DA:54,2
DA:57,1
DA:59,1
DA:60,1
DA:61,1
DA:62,1
DA:63,1
DA:65,2
DA:68,1
DA:69,1
DA:70,1
DA:71,1
DA:72,1
DA:73,1
DA:74,1
DA:75,1
DA:77,2
DA:80,1
DA:81,1
DA:82,1
DA:83,1
DA:84,4
DA:85,1
DA:91,1
DA:93,1
DA:94,1
DA:95,1
DA:96,1
DA:97,1
DA:98,1
DA:99,1
DA:101,2
DA:104,1
DA:105,5
DA:106,4
DA:107,1
DA:112,1
DA:120,1
DA:121,1
DA:122,1
DA:123,1
DA:124,1
DA:127,1
DA:128,1
DA:129,1
DA:130,1
DA:131,1
DA:132,1
DA:133,1
DA:134,1
DA:135,1
DA:136,1
DA:137,1
DA:138,1
DA:139,3
DA:140,1
DA:141,1
DA:143,2
DA:144,1
DA:146,1
DA:147,2
DA:148,1
DA:149,3
DA:150,2
DA:152,1
DA:153,1
DA:160,1
DA:164,1
DA:165,1
DA:166,1
DA:167,1
DA:168,1
DA:169,2
DA:171,2
DA:173,2
DA:175,2
DA:176,4
DA:177,1
DA:178,2
DA:179,1
DA:180,1
DA:181,1
DA:182,1
DA:183,2
DA:184,3
DA:185,1
DA:186,1
DA:190,1
DA:194,1
DA:198,1
DA:199,1
DA:200,1
DA:201,1
DA:202,2
DA:205,1
DA:209,1
DA:210,1
DA:211,1
DA:212,1
DA:213,2
DA:214,2
DA:217,1
DA:221,1
DA:222,1
DA:223,1
DA:224,1
DA:225,2
DA:226,3
DA:229,1
DA:230,1
DA:231,1
DA:232,1
DA:233,1
DA:234,1
DA:235,1
DA:236,1
DA:238,2
DA:239,0
DA:241,2
DA:245,1
DA:253,1
DA:254,1
DA:255,1
DA:256,1
DA:257,2
DA:258,1
DA:260,1
DA:261,0
DA:268,1
DA:269,1
DA:270,1
DA:271,1
DA:272,1
DA:275,1
DA:276,1
DA:277,1
DA:278,1
DA:279,1
DA:280,1
DA:281,1
DA:282,1
DA:283,1
DA:284,1
DA:285,1
DA:286,1
DA:287,1
DA:288,1
DA:289,1
DA:290,1
DA:291,1
DA:294,2
DA:295,0
DA:297,2
DA:301,1
DA:302,1
DA:303,1
DA:304,1
DA:305,1
DA:306,1
DA:308,2
DA:311,1
DA:315,2
DA:319,1
DA:320,1
DA:321,1
DA:322,1
DA:323,1
DA:324,1
DA:328,1
DA:332,1
DA:333,1
DA:334,1
DA:335,1
DA:336,1
DA:337,2
DA:339,2
DA:341,2
DA:343,2
DA:344,4
DA:345,1
DA:346,2
DA:347,1
DA:348,1
DA:349,1
DA:350,1
DA:351,2
DA:352,3
DA:353,1
DA:354,1
DA:358,1
DA:362,1
DA:364,1
DA:365,2
DA:366,1
DA:367,3
DA:368,2
DA:369,1
DA:370,1
DA:376,1
DA:378,1
DA:379,1
DA:381,2
DA:382,1
DA:383,1
DA:384,2
DA:385,1
DA:386,1
DA:387,2
DA:388,1
DA:395,1
DA:399,1
DA:400,1
DA:401,1
DA:402,1
DA:403,2
DA:404,2
DA:407,1
DA:411,1
DA:412,1
DA:413,1
DA:414,1
DA:415,1
DA:416,1
DA:418,1
DA:421,1
DA:422,2
DA:423,2
DA:425,1
DA:428,1
DA:432,1
DA:433,1
DA:434,1
DA:435,1
DA:436,2
DA:437,2
DA:440,1
DA:444,1
DA:445,1
DA:446,1
DA:447,1
DA:448,1
DA:449,1
DA:452,1
DA:453,1
DA:454,1
DA:455,1
DA:456,1
DA:457,1
DA:458,2
DA:460,2
DA:462,2
DA:464,2
DA:465,4
DA:466,1
DA:467,2
DA:468,1
DA:469,1
DA:470,1
DA:471,1
DA:472,2
DA:473,2
DA:474,1
DA:475,1
DA:479,1
LF:285
LH:282
end_of_record
SF:lib/domain/models/account.dart
DA:24,1
DA:46,1
DA:60,1
DA:61,1
DA:62,1
DA:63,1
DA:64,1
DA:65,1
DA:66,1
DA:67,1
DA:68,1
DA:69,1
DA:70,1
DA:71,1
DA:72,1
DA:75,1
DA:76,2
DA:77,2
DA:78,2
DA:79,2
DA:80,2
DA:81,2
DA:82,2
DA:83,2
DA:84,2
DA:85,2
DA:86,2
DA:87,2
DA:90,1
DA:91,1
DA:92,2
DA:93,2
DA:94,2
DA:95,2
DA:96,2
DA:97,2
DA:98,2
DA:99,2
DA:100,2
DA:101,2
LF:40
LH:40
end_of_record
SF:lib/domain/models/generated_password_item.dart
DA:5,1
DA:11,1
DA:16,1
DA:17,1
DA:18,1
DA:19,1
DA:22,1
DA:23,2
DA:24,2
DA:25,2
DA:28,1
DA:29,1
DA:31,2
DA:32,2
LF:14
LH:14
end_of_record
SF:lib/domain/models/logged_in_device.dart
DA:5,1
DA:10,1
DA:14,1
DA:15,1
DA:17,0
DA:20,1
DA:21,2
DA:22,2
DA:25,1
DA:26,1
DA:28,2
DA:32,0
DA:33,0
LF:13
LH:10
end_of_record
SF:lib/domain/models/password_generation_option.dart
DA:21,1
DA:39,0
DA:40,0
DA:41,0
DA:42,0
DA:43,0
DA:44,0
DA:45,0
DA:46,0
DA:47,0
DA:48,0
DA:49,0
DA:50,0
DA:51,0
DA:52,0
DA:53,0
DA:54,0
DA:55,0
DA:58,1
DA:59,2
DA:60,2
DA:61,2
DA:62,2
DA:63,2
DA:64,2
DA:65,2
DA:66,2
DA:67,2
DA:68,2
DA:69,2
DA:70,2
DA:71,2
DA:72,2
DA:73,3
DA:76,1
DA:77,1
DA:78,2
DA:79,2
DA:80,2
DA:81,2
DA:82,2
DA:83,2
DA:84,2
DA:85,2
DA:86,2
DA:87,2
DA:88,2
DA:89,2
DA:90,2
DA:91,2
DA:92,3
LF:51
LH:34
end_of_record
SF:lib/domain/models/password_model.dart
DA:21,1
DA:36,1
DA:37,2
DA:38,2
DA:39,2
DA:40,2
DA:41,2
DA:42,2
DA:43,2
DA:44,2
DA:45,2
DA:46,2
DA:47,2
DA:48,1
DA:49,2
DA:52,1
DA:53,1
DA:54,2
DA:55,2
DA:56,2
DA:57,2
DA:58,2
DA:59,2
DA:60,1
DA:61,0
DA:63,2
DA:64,2
DA:65,2
DA:66,3
DA:70,1
DA:84,1
DA:85,1
DA:86,1
DA:87,1
DA:88,1
DA:89,1
DA:90,1
DA:91,1
DA:92,1
DA:93,1
DA:94,1
DA:95,1
DA:97,1
LF:43
LH:42
end_of_record
SF:lib/common/constants/app_dimens.dart
DA:5,0
DA:6,0
DA:7,0
DA:15,0
DA:16,0
DA:17,0
DA:18,0
DA:19,0
DA:20,0
DA:21,0
DA:22,0
DA:23,0
DA:24,0
DA:25,0
DA:26,0
DA:27,0
DA:28,0
DA:29,0
DA:30,0
DA:31,0
DA:32,0
DA:35,0
DA:36,0
DA:37,0
DA:38,0
DA:39,0
DA:40,0
DA:41,0
DA:42,0
DA:43,0
DA:44,0
DA:45,0
DA:46,0
DA:47,0
DA:48,0
DA:51,0
DA:52,0
DA:53,0
LF:38
LH:0
end_of_record
SF:lib/common/utils/app_screen_utils/screenutil_init.dart
DA:5,0
DA:11,0
DA:20,0
DA:22,0
DA:23,0
DA:25,0
DA:28,0
DA:31,0
DA:32,0
DA:33,0
DA:34,0
DA:36,0
LF:12
LH:0
end_of_record
SF:lib/common/utils/app_screen_utils/screen_util.dart
DA:5,0
DA:17,0
DA:19,0
DA:20,0
DA:23,0
DA:24,0
DA:27,0
DA:35,0
DA:36,0
DA:37,0
DA:38,0
DA:39,0
DA:40,0
DA:41,0
DA:42,0
DA:43,0
DA:47,0
DA:50,0
DA:53,0
DA:56,0
DA:57,0
DA:60,0
DA:61,0
DA:64,0
DA:67,0
DA:70,0
DA:73,0
DA:75,0
DA:76,0
DA:81,0
DA:87,0
DA:90,0
DA:94,0
LF:33
LH:0
end_of_record
SF:lib/common/utils/app_screen_utils/size_extension.dart
DA:5,0
DA:8,0
DA:11,0
DA:14,0
DA:19,0
DA:23,0
DA:27,0
LF:7
LH:0
end_of_record
SF:lib/common/utils/app_utils.dart
DA:14,0
DA:15,0
DA:18,0
DA:19,0
DA:22,0
DA:23,0
DA:27,0
DA:28,0
DA:32,0
DA:33,0
DA:36,0
DA:38,0
DA:39,0
DA:40,0
DA:41,0
DA:42,0
DA:43,0
DA:44,0
DA:45,0
DA:46,0
DA:47,0
DA:48,0
DA:50,0
DA:51,0
DA:54,0
DA:57,3
DA:59,0
DA:61,0
DA:62,0
DA:64,0
DA:66,0
DA:68,0
DA:69,0
DA:70,0
DA:73,0
DA:76,0
DA:77,0
DA:79,0
DA:80,0
DA:81,0
DA:84,0
DA:90,0
DA:91,0
DA:93,0
DA:95,0
DA:96,0
DA:98,0
DA:99,0
DA:101,0
DA:102,0
DA:107,0
DA:109,0
DA:113,0
DA:114,0
DA:120,0
DA:121,0
DA:122,0
DA:125,0
DA:127,0
DA:129,0
DA:130,0
DA:131,0
DA:135,0
DA:136,0
DA:137,0
DA:143,0
DA:144,0
DA:145,0
DA:149,0
DA:150,0
DA:151,0
DA:152,0
DA:153,0
DA:154,0
DA:162,0
DA:164,0
DA:165,0
DA:166,0
LF:78
LH:1
end_of_record
SF:lib/common/utils/translations/app_translations.dart
DA:16,0
DA:17,0
LF:2
LH:0
end_of_record
SF:lib/common/utils/password_helper.dart
DA:5,0
DA:6,0
DA:8,0
DA:10,0
DA:11,0
DA:13,0
DA:15,0
DA:22,1
DA:24,1
DA:26,0
DA:33,1
DA:35,1
DA:37,1
DA:39,1
DA:41,1
LF:15
LH:7
end_of_record
SF:lib/presentation/theme/theme_color.dart
DA:13,0
DA:23,0
DA:27,0
DA:37,0
DA:38,0
DA:39,0
DA:40,0
DA:41,0
DA:43,0
DA:44,0
DA:45,0
DA:47,0
DA:89,0
LF:13
LH:0
end_of_record
SF:lib/presentation/theme/theme_data.dart
DA:7,0
DA:8,0
DA:11,0
DA:13,0
DA:14,0
DA:17,0
DA:18,0
LF:7
LH:0
end_of_record
SF:lib/presentation/theme/theme_text.dart
DA:9,0
DA:11,0
DA:16,0
DA:20,0
DA:24,0
DA:28,0
DA:32,0
DA:36,0
DA:40,0
DA:41,0
DA:44,0
DA:46,0
DA:51,0
DA:53,0
DA:58,0
DA:60,0
DA:65,0
DA:67,0
DA:72,0
DA:74,0
DA:79,0
DA:81,0
DA:89,0
DA:95,0
DA:101,0
DA:107,0
DA:113,0
DA:119,0
DA:125,0
DA:131,0
DA:137,0
DA:145,0
DA:150,0
DA:151,0
DA:155,0
DA:156,0
DA:160,0
DA:161,0
DA:165,0
DA:166,0
DA:170,0
DA:171,0
DA:175,0
DA:176,0
DA:180,0
DA:181,0
DA:185,0
DA:186,0
DA:190,0
DA:191,0
DA:195,0
DA:196,0
DA:200,0
DA:201,0
DA:205,0
DA:206,0
DA:210,0
DA:211,0
DA:217,0
DA:220,0
DA:223,0
DA:226,0
DA:229,0
DA:232,0
DA:235,0
DA:238,0
DA:241,0
DA:253,0
DA:256,0
DA:259,0
DA:262,0
DA:265,0
DA:268,0
DA:271,0
DA:274,0
DA:277,0
DA:280,0
DA:286,0
DA:289,0
DA:292,0
DA:295,0
DA:298,0
DA:301,0
DA:304,0
DA:307,0
DA:310,0
DA:313,0
DA:316,0
DA:319,0
DA:322,0
DA:325,0
DA:328,0
DA:331,0
LF:93
LH:0
end_of_record
SF:lib/presentation/widgets/app_button.dart
DA:22,0
DA:32,0
DA:34,0
DA:36,0
DA:38,0
DA:39,0
DA:40,0
DA:41,0
DA:42,0
DA:43,0
DA:44,0
DA:45,0
DA:46,0
DA:47,0
DA:51,0
DA:52,0
DA:53,0
DA:59,0
DA:60,0
DA:61,0
DA:63,0
DA:64,0
DA:67,0
DA:68,0
DA:70,0
DA:71,0
DA:72,0
DA:75,0
DA:76,0
DA:78,0
DA:83,0
DA:84,0
DA:85,0
DA:89,0
DA:91,0
DA:92,0
DA:93,0
DA:94,0
DA:95,0
DA:100,0
DA:101,0
DA:102,0
DA:103,0
DA:104,0
DA:105,0
LF:45
LH:0
end_of_record
SF:lib/presentation/widgets/app_image_widget.dart
DA:21,0
DA:43,0
DA:44,0
DA:45,0
DA:46,0
DA:47,0
DA:70,0
DA:72,0
DA:73,0
DA:75,0
DA:76,0
DA:77,0
DA:80,0
DA:81,0
DA:85,0
DA:87,0
DA:88,0
DA:89,0
DA:90,0
DA:91,0
DA:92,0
DA:93,0
DA:96,0
DA:99,0
DA:101,0
DA:102,0
DA:103,0
DA:105,0
DA:106,0
DA:109,0
DA:112,0
DA:114,0
DA:115,0
DA:116,0
DA:117,0
DA:118,0
DA:119,0
DA:121,0
DA:122,0
DA:123,0
DA:125,0
DA:127,0
DA:128,0
DA:129,0
DA:130,0
DA:131,0
DA:132,0
DA:134,0
DA:135,0
DA:136,0
DA:138,0
DA:140,0
DA:141,0
DA:142,0
DA:143,0
DA:144,0
DA:146,0
DA:147,0
DA:149,0
DA:151,0
DA:152,0
DA:153,0
DA:154,0
DA:156,0
DA:157,0
DA:159,0
DA:160,0
DA:162,0
DA:163,0
DA:165,0
DA:168,0
DA:170,0
DA:171,0
DA:172,0
DA:173,0
DA:174,0
DA:175,0
DA:176,0
DA:177,0
DA:178,0
DA:180,0
DA:181,0
DA:182,0
DA:184,0
DA:188,0
DA:189,0
DA:190,0
DA:191,0
DA:194,0
DA:195,0
DA:196,0
DA:197,0
DA:198,0
DA:199,0
DA:200,0
DA:201,0
DA:202,0
DA:204,0
LF:98
LH:0
end_of_record
SF:lib/presentation/widgets/app_loading_widget.dart
DA:12,0
DA:14,0
DA:16,0
DA:17,0
DA:18,0
DA:19,0
DA:26,0
DA:28,0
DA:30,0
DA:31,0
DA:32,0
DA:33,0
DA:34,0
DA:35,0
DA:36,0
DA:37,0
LF:16
LH:0
end_of_record
SF:lib/presentation/widgets/app_shimmer.dart
DA:12,0
DA:18,0
DA:20,0
DA:22,0
DA:23,0
DA:24,0
DA:25,0
DA:26,0
DA:27,0
DA:28,0
DA:29,0
DA:31,0
LF:12
LH:0
end_of_record
SF:lib/presentation/widgets/app_text_field_widget.dart
DA:8,0
DA:45,0
DA:83,0
DA:84,0
DA:91,0
DA:93,0
DA:94,0
DA:96,0
DA:98,0
DA:99,0
DA:100,0
DA:102,0
DA:103,0
DA:108,0
DA:111,0
DA:112,0
DA:113,0
DA:114,0
DA:115,0
DA:116,0
DA:117,0
DA:119,0
DA:122,0
DA:124,0
DA:126,0
DA:127,0
DA:129,0
DA:130,0
DA:131,0
DA:133,0
DA:134,0
DA:135,0
DA:136,0
DA:137,0
DA:138,0
DA:139,0
DA:145,0
DA:146,0
DA:147,0
DA:152,0
DA:153,0
DA:154,0
DA:155,0
DA:156,0
DA:157,0
DA:158,0
DA:159,0
DA:160,0
DA:161,0
DA:162,0
DA:163,0
DA:164,0
DA:165,0
DA:167,0
DA:168,0
DA:169,0
DA:170,0
DA:171,0
DA:172,0
DA:173,0
DA:174,0
DA:175,0
DA:176,0
DA:177,0
DA:180,0
DA:181,0
DA:182,0
DA:183,0
DA:184,0
DA:185,0
DA:186,0
DA:187,0
DA:188,0
DA:189,0
DA:191,0
DA:192,0
DA:193,0
DA:194,0
DA:198,0
DA:204,0
DA:205,0
DA:206,0
DA:207,0
DA:208,0
DA:210,0
DA:211,0
DA:212,0
DA:213,0
DA:214,0
DA:216,0
DA:217,0
DA:221,0
DA:234,0
DA:235,0
DA:240,0
DA:241,0
DA:242,0
DA:243,0
DA:244,0
DA:245,0
DA:246,0
LF:101
LH:0
end_of_record
SF:lib/presentation/widgets/app_touchable.dart
DA:18,0
DA:31,0
DA:33,0
DA:35,0
DA:36,0
DA:37,0
DA:38,0
DA:39,0
DA:40,0
DA:41,0
DA:43,0
DA:44,0
DA:45,0
DA:46,0
DA:47,0
DA:48,0
DA:49,0
DA:50,0
DA:51,0
DA:52,0
DA:53,0
DA:54,0
DA:57,0
DA:58,0
DA:62,0
LF:25
LH:0
end_of_record
SF:lib/presentation/widgets/snack_bar/app_snack_bar.dart
DA:10,0
DA:15,0
DA:19,0
DA:20,0
DA:27,0
DA:35,0
DA:36,0
DA:47,0
DA:51,0
DA:53,0
DA:54,0
DA:55,0
DA:56,0
DA:57,0
DA:58,0
DA:60,0
DA:64,0
DA:65,0
DA:66,0
DA:67,0
DA:68,0
DA:71,0
DA:75,0
DA:76,0
DA:77,0
DA:79,0
DA:86,0
DA:88,0
DA:89,0
DA:90,0
DA:93,0
DA:94,0
DA:95,0
DA:96,0
DA:98,0
DA:101,0
DA:102,0
DA:104,0
DA:105,0
DA:106,0
DA:107,0
DA:108,0
DA:109,0
DA:111,0
DA:112,0
DA:114,0
DA:115,0
DA:116,0
DA:117,0
DA:118,0
DA:119,0
DA:120,0
LF:52
LH:0
end_of_record
SF:lib/presentation/widgets/snack_bar/flash.dart
DA:15,0
DA:23,0
DA:30,0
DA:77,0
DA:84,0
DA:91,0
DA:92,0
DA:93,0
DA:94,0
DA:96,0
DA:97,0
DA:100,0
DA:101,0
DA:102,0
DA:105,0
DA:110,0
DA:116,0
DA:117,0
DA:118,0
DA:120,0
DA:121,0
DA:122,0
DA:123,0
DA:124,0
DA:126,0
DA:132,0
DA:133,0
DA:134,0
DA:135,0
DA:136,0
DA:138,0
DA:139,0
DA:143,0
DA:145,0
DA:146,0
DA:148,0
DA:149,0
DA:150,0
DA:152,0
DA:157,0
DA:162,0
DA:163,0
DA:165,0
DA:166,0
DA:167,0
DA:168,0
DA:177,0
DA:178,0
DA:179,0
DA:180,0
DA:181,0
DA:182,0
DA:183,0
DA:184,0
DA:185,0
DA:186,0
DA:189,0
DA:193,0
DA:194,0
DA:195,0
DA:196,0
DA:200,0
DA:201,0
DA:202,0
DA:203,0
DA:205,0
DA:206,0
DA:209,0
DA:213,0
DA:214,0
DA:215,0
DA:219,0
DA:221,0
DA:222,0
DA:223,0
DA:224,0
DA:227,0
DA:228,0
DA:229,0
DA:230,0
DA:231,0
DA:232,0
DA:233,0
DA:234,0
DA:235,0
DA:238,0
DA:240,0
DA:241,0
DA:242,0
DA:244,0
DA:245,0
DA:246,0
DA:247,0
DA:251,0
DA:253,0
DA:254,0
DA:259,0
DA:286,0
DA:291,0
DA:292,0
DA:294,0
DA:321,0
DA:322,0
DA:323,0
DA:325,0
DA:352,0
DA:353,0
DA:354,0
DA:461,0
DA:462,0
DA:472,0
DA:473,0
DA:474,0
DA:477,0
DA:478,0
DA:479,0
DA:482,0
DA:484,0
DA:485,0
DA:487,0
DA:489,0
DA:491,0
DA:503,0
DA:504,0
DA:506,0
DA:508,0
DA:509,0
DA:510,0
DA:511,0
DA:512,0
DA:516,0
DA:518,0
DA:519,0
DA:520,0
DA:524,0
DA:526,0
DA:527,0
DA:530,0
DA:531,0
DA:532,0
DA:534,0
DA:535,0
DA:536,0
DA:539,0
DA:541,0
DA:543,0
DA:544,0
DA:545,0
DA:550,0
DA:551,0
DA:552,0
DA:553,0
DA:558,0
DA:559,0
DA:560,0
DA:561,0
DA:562,0
DA:563,0
DA:564,0
DA:565,0
DA:571,0
DA:572,0
DA:574,0
DA:579,0
DA:584,0
DA:585,0
DA:586,0
DA:592,0
DA:593,0
DA:594,0
DA:601,0
DA:604,0
DA:606,0
DA:608,0
DA:609,0
DA:614,0
DA:615,0
DA:616,0
DA:617,0
DA:622,0
DA:623,0
DA:624,0
DA:625,0
DA:630,0
DA:631,0
DA:632,0
DA:633,0
DA:637,0
DA:638,0
DA:639,0
DA:640,0
DA:644,0
DA:645,0
DA:646,0
DA:647,0
DA:649,0
DA:655,0
DA:659,0
DA:660,0
DA:661,0
DA:662,0
DA:663,0
DA:664,0
DA:665,0
DA:666,0
DA:668,0
DA:669,0
DA:670,0
DA:671,0
DA:672,0
DA:673,0
DA:676,0
DA:677,0
DA:678,0
DA:682,0
DA:684,0
DA:685,0
DA:691,0
DA:692,0
DA:693,0
DA:698,0
DA:699,0
DA:701,0
DA:705,0
DA:711,0
DA:713,0
DA:715,0
DA:716,0
DA:718,0
DA:721,0
DA:723,0
DA:724,0
DA:725,0
DA:726,0
DA:727,0
DA:730,0
DA:731,0
DA:732,0
DA:733,0
DA:734,0
DA:735,0
DA:736,0
DA:737,0
DA:738,0
DA:739,0
DA:741,0
DA:742,0
DA:743,0
DA:744,0
DA:746,0
DA:747,0
DA:751,0
DA:752,0
DA:753,0
DA:754,0
DA:756,0
DA:757,0
DA:762,0
DA:763,0
DA:765,0
DA:766,0
DA:768,0
DA:769,0
DA:771,0
DA:775,0
DA:776,0
DA:777,0
DA:778,0
DA:779,0
DA:780,0
DA:781,0
DA:782,0
DA:784,0
DA:786,0
DA:787,0
DA:788,0
DA:789,0
DA:791,0
DA:792,0
DA:794,0
DA:795,0
DA:798,0
DA:799,0
DA:800,0
DA:802,0
DA:806,0
DA:808,0
DA:809,0
DA:810,0
DA:816,0
DA:817,0
DA:818,0
DA:819,0
DA:821,0
DA:822,0
DA:826,0
DA:827,0
DA:828,0
DA:829,0
DA:831,0
DA:832,0
DA:837,0
DA:838,0
DA:843,0
DA:844,0
DA:845,0
DA:846,0
DA:847,0
DA:848,0
DA:850,0
DA:854,0
DA:855,0
DA:856,0
DA:857,0
DA:858,0
DA:859,0
DA:860,0
DA:861,0
DA:863,0
DA:865,0
DA:866,0
DA:867,0
DA:869,0
DA:871,0
DA:872,0
DA:873,0
DA:875,0
DA:879,0
DA:881,0
DA:882,0
DA:883,0
DA:886,0
DA:887,0
DA:888,0
DA:889,0
DA:892,0
DA:897,0
DA:899,0
DA:900,0
DA:901,0
DA:903,0
DA:905,0
DA:908,0
DA:911,0
DA:938,0
DA:952,0
DA:1005,0
DA:1006,0
DA:1024,0
DA:1026,0
DA:1028,0
DA:1029,0
DA:1030,0
DA:1031,0
DA:1033,0
DA:1034,0
DA:1035,0
DA:1039,0
DA:1040,0
DA:1041,0
DA:1042,0
DA:1043,0
DA:1044,0
DA:1049,0
DA:1050,0
DA:1051,0
DA:1053,0
DA:1054,0
DA:1058,0
DA:1061,0
DA:1063,0
DA:1065,0
DA:1067,0
DA:1070,0
DA:1072,0
DA:1074,0
DA:1075,0
DA:1076,0
DA:1077,0
DA:1078,0
DA:1079,0
DA:1082,0
DA:1083,0
DA:1084,0
DA:1085,0
DA:1086,0
DA:1087,0
DA:1088,0
DA:1092,0
DA:1093,0
DA:1095,0
DA:1102,0
DA:1105,0
DA:1108,0
DA:1111,0
DA:1112,0
DA:1115,0
DA:1116,0
DA:1117,0
DA:1118,0
DA:1119,0
DA:1122,0
DA:1123,0
DA:1125,0
DA:1126,0
DA:1127,0
DA:1128,0
DA:1129,0
DA:1130,0
DA:1131,0
DA:1133,0
DA:1135,0
DA:1136,0
DA:1137,0
DA:1138,0
DA:1139,0
DA:1140,0
DA:1142,0
DA:1144,0
DA:1145,0
DA:1146,0
DA:1147,0
DA:1148,0
DA:1155,0
DA:1156,0
DA:1157,0
DA:1158,0
DA:1159,0
DA:1162,0
DA:1163,0
DA:1164,0
DA:1165,0
DA:1166,0
DA:1167,0
DA:1168,0
DA:1169,0
DA:1171,0
DA:1172,0
DA:1174,0
DA:1175,0
DA:1176,0
DA:1177,0
DA:1178,0
DA:1180,0
DA:1182,0
DA:1184,0
DA:1185,0
DA:1186,0
DA:1188,0
DA:1189,0
DA:1191,0
DA:1198,0
DA:1199,0
DA:1200,0
DA:1201,0
DA:1202,0
DA:1209,0
DA:1210,0
DA:1211,0
DA:1212,0
DA:1213,0
DA:1216,0
DA:1217,0
DA:1218,0
DA:1219,0
DA:1220,0
DA:1221,0
DA:1222,0
DA:1224,0
DA:1225,0
DA:1226,0
DA:1227,0
DA:1228,0
DA:1229,0
DA:1230,0
DA:1232,0
DA:1234,0
DA:1235,0
DA:1236,0
DA:1237,0
DA:1239,0
DA:1241,0
DA:1246,0
DA:1247,0
DA:1248,0
DA:1252,0
DA:1253,0
DA:1254,0
DA:1255,0
DA:1256,0
DA:1264,0
DA:1265,0
DA:1266,0
DA:1267,0
DA:1270,0
DA:1271,0
DA:1272,0
DA:1273,0
DA:1274,0
DA:1275,0
DA:1276,0
DA:1277,0
DA:1278,0
DA:1280,0
DA:1281,0
DA:1283,0
DA:1284,0
DA:1285,0
DA:1286,0
DA:1287,0
DA:1291,0
DA:1293,0
DA:1294,0
DA:1295,0
DA:1298,0
DA:1300,0
DA:1305,0
DA:1306,0
DA:1307,0
DA:1312,0
DA:1313,0
DA:1314,0
DA:1315,0
DA:1316,0
DA:1326,0
DA:1327,0
DA:1329,0
DA:1330,0
DA:1331,0
DA:1332,0
DA:1335,0
DA:1340,0
DA:1341,0
DA:1342,0
DA:1348,0
DA:1349,0
DA:1352,0
DA:1353,0
DA:1354,0
DA:1355,0
DA:1357,0
DA:1358,0
DA:1359,0
DA:1360,0
DA:1361,0
LF:545
LH:0
end_of_record
